<?xml version="1.0" encoding="UTF-8"?>
<testsuite name="TestSuite" time="64.721" tests="7" errors="0" skipped="0" failures="0">
  <properties>
[...]
</properties>
  <testcase name="Login" classname="com.eDocs.SanityTesting.UniversalSettings" time="10.247"/>
  <testcase name="ResidueLimitSAVE" classname="com.eDocs.SanityTesting.UniversalSettings" time="24.527"/>
  <testcase name="GeneralSettings" classname="com.eDocs.SanityTesting.UniversalSettings" time="9.345"/>
  <testcase name="SiteMap" classname="com.eDocs.SanityTesting.UniversalSettings" time="8.41"/>
  <testcase name="SampleLocation" classname="com.eDocs.SanityTesting.UniversalSettings" time="3.372"/>
  <testcase name="productgrouping" classname="com.eDocs.SanityTesting.UniversalSettings" time="4.362"/>
  <testcase name="microbialLimit" classname="com.eDocs.SanityTesting.UniversalSettings" time="4.458"/>
</testsuite>