<?xml version="1.0" encoding="UTF-8"?>
<!-- Generated by org.testng.reporters.JUnitXMLReporter -->
<testsuite hostname="ezs013" ignored="0" name="Test" tests="14" failures="0" timestamp="23 Jul 2018 10:07:21 GMT" time="87.778" errors="0">
  <testcase name="nameEmpty" time="7.454" classname="com.eDocs.EquipmentTrain.EquipmentTrainName"/>
  <testcase name="nameMaxFieldLength" time="3.636" classname="com.eDocs.EquipmentTrain.EquipmentTrainName"/>
  <testcase name="nameSpecialChar" time="3.606" classname="com.eDocs.EquipmentTrain.EquipmentTrainName"/>
  <testcase name="nameBeginingSpaceCheck" time="3.564" classname="com.eDocs.EquipmentTrain.EquipmentTrainName"/>
  <testcase name="EquipmentEmpty" time="4.61" classname="com.eDocs.EquipmentTrain.EquipmentTrainSelectEquipment"/>
  <testcase name="lessthanOneEquipment" time="9.284" classname="com.eDocs.EquipmentTrain.EquipmentTrainSelectEquipment"/>
  <testcase name="uploadImageEmpty" time="5.464" classname="com.eDocs.EquipmentTrain.EquipmentTrainSelectEquipment"/>
  <testcase name="locationPinEmpty" time="7.391" classname="com.eDocs.EquipmentTrain.EquipmentTrainSelectEquipment"/>
  <testcase name="locationNameEmpty" time="5.925" classname="com.eDocs.EquipmentTrain.EquipmentTrainSelectEquipment"/>
  <testcase name="locationNameMaxLength" time="4.201" classname="com.eDocs.EquipmentTrain.EquipmentTrainSelectEquipment"/>
  <testcase name="rationaleMaxLength" time="4.171" classname="com.eDocs.EquipmentTrain.EquipmentTrainSelectEquipment"/>
  <testcase name="MOCEmptyTest" time="9.316" classname="com.eDocs.EquipmentTrain.EquipmentTrainSelectEquipment"/>
  <testcase name="trainSaveandNOChangeControl" time="8.033" classname="com.eDocs.EquipmentTrain.EquipmentTrainSelectEquipment"/>
  <testcase name="DeleteEquipmentTrain" time="11.106" classname="com.eDocs.EquipmentTrain.EquipmentTrainSelectEquipment"/>
</testsuite> <!-- Test -->
