<?xml version="1.0" encoding="UTF-8"?>
<!-- Generated by org.testng.reporters.JUnitXMLReporter -->
<testsuite hostname="ezs013" ignored="0" name="Patch Product" tests="65" failures="0" timestamp="20 Aug 2018 09:54:04 GMT" time="166.912" errors="0">
  <testcase name="nameEmpty" time="10.715" classname="com.eDocs.PatchProduct.PatchName"/>
  <testcase name="nameMaxFieldLength" time="2.264" classname="com.eDocs.PatchProduct.PatchName"/>
  <testcase name="nameSpecialChar" time="2.185" classname="com.eDocs.PatchProduct.PatchName"/>
  <testcase name="nameBeginingSpaceCheck" time="2.608" classname="com.eDocs.PatchProduct.PatchName"/>
  <testcase name="productIDMaxLength" time="2.165" classname="com.eDocs.PatchProduct.PatchName"/>
  <testcase name="ActiveEmpty" time="4.827" classname="com.eDocs.PatchProduct.PatchName"/>
  <testcase name="absorptionEmptyTest" time="3.118" classname="com.eDocs.PatchProduct.PatchName"/>
  <testcase name="absorptionZEROTest" time="2.007" classname="com.eDocs.PatchProduct.PatchName"/>
  <testcase name="absorptionMaxLengthTest" time="2.088" classname="com.eDocs.PatchProduct.PatchName"/>
  <testcase name="absorptionAlphabetsTest" time="2.033" classname="com.eDocs.PatchProduct.PatchName"/>
  <testcase name="absorptionSpaceTest" time="2.11" classname="com.eDocs.PatchProduct.PatchName"/>
  <testcase name="absorptionMultiDecimalTest" time="2.03" classname="com.eDocs.PatchProduct.PatchName"/>
  <testcase name="maxDDEmptyTest" time="2.632" classname="com.eDocs.PatchProduct.PatchMaxDailyDose"/>
  <testcase name="maxDDZEROTest" time="2.028" classname="com.eDocs.PatchProduct.PatchMaxDailyDose"/>
  <testcase name="maxDDMaxLengthTest" time="2.079" classname="com.eDocs.PatchProduct.PatchMaxDailyDose"/>
  <testcase name="maxDDAlphabetsTest" time="2.07" classname="com.eDocs.PatchProduct.PatchMaxDailyDose"/>
  <testcase name="maxDDSpaceTest" time="2.129" classname="com.eDocs.PatchProduct.PatchMaxDailyDose"/>
  <testcase name="maxDDMultiDecimalTest" time="2.11" classname="com.eDocs.PatchProduct.PatchMaxDailyDose"/>
  <testcase name="maxAmountZEROTest" time="2.085" classname="com.eDocs.PatchProduct.PatchMaxDailyDoseperPatch"/>
  <testcase name="maxAmountMaxLengthTest" time="2.149" classname="com.eDocs.PatchProduct.PatchMaxDailyDoseperPatch"/>
  <testcase name="maxAmountAlphabetsTest" time="2.035" classname="com.eDocs.PatchProduct.PatchMaxDailyDoseperPatch"/>
  <testcase name="maxAmountSpaceTest" time="2.051" classname="com.eDocs.PatchProduct.PatchMaxDailyDoseperPatch"/>
  <testcase name="maxAmountMultiDecimalTest" time="2.135" classname="com.eDocs.PatchProduct.PatchMaxDailyDoseperPatch"/>
  <testcase name="maxPachWornSFZEROTest" time="2.07" classname="com.eDocs.PatchProduct.PacthMaxnoofPatchWorn"/>
  <testcase name="maxPachWornMaxLengthTest" time="2.063" classname="com.eDocs.PatchProduct.PacthMaxnoofPatchWorn"/>
  <testcase name="maxPachWornAlphabetsTest" time="2.076" classname="com.eDocs.PatchProduct.PacthMaxnoofPatchWorn"/>
  <testcase name="maxPachWornSpaceTest" time="2.151" classname="com.eDocs.PatchProduct.PacthMaxnoofPatchWorn"/>
  <testcase name="maxPachWornMultiDecimalTest" time="2.617" classname="com.eDocs.PatchProduct.PacthMaxnoofPatchWorn"/>
  <testcase name="minBatchEmptyTest" time="2.675" classname="com.eDocs.PatchProduct.PatchMinBatch"/>
  <testcase name="minBatchZEROTest" time="2.024" classname="com.eDocs.PatchProduct.PatchMinBatch"/>
  <testcase name="minBatchMaxLengthTest" time="2.111" classname="com.eDocs.PatchProduct.PatchMinBatch"/>
  <testcase name="minBatchAlphabetsTest" time="2.112" classname="com.eDocs.PatchProduct.PatchMinBatch"/>
  <testcase name="minBatchSpaceTest" time="2.091" classname="com.eDocs.PatchProduct.PatchMinBatch"/>
  <testcase name="minBatchMultiDecimalTest" time="2.079" classname="com.eDocs.PatchProduct.PatchMinBatch"/>
  <testcase name="bioburdenMaxLengthTest" time="2.014" classname="com.eDocs.PatchProduct.PatchBioBurden"/>
  <testcase name="bioburdenAlphabetsTest" time="0.396" classname="com.eDocs.PatchProduct.PatchBioBurden"/>
  <testcase name="bioburdenSpaceTest" time="0.397" classname="com.eDocs.PatchProduct.PatchBioBurden"/>
  <testcase name="bioburdenMultiDecimalTest" time="0.386" classname="com.eDocs.PatchProduct.PatchBioBurden"/>
  <testcase name="MinDDEmptyTest" time="4.288" classname="com.eDocs.PatchProduct.PatchBasisofCalculation"/>
  <testcase name="MinDDZEROTest" time="2.052" classname="com.eDocs.PatchProduct.PatchBasisofCalculation"/>
  <testcase name="MinDDMaxLengthTest" time="2.072" classname="com.eDocs.PatchProduct.PatchBasisofCalculation"/>
  <testcase name="MinDDAlphabetsTest" time="2.043" classname="com.eDocs.PatchProduct.PatchBasisofCalculation"/>
  <testcase name="MinDDSpaceTest" time="2.159" classname="com.eDocs.PatchProduct.PatchBasisofCalculation"/>
  <testcase name="MinDDMultiDecimalTest" time="2.062" classname="com.eDocs.PatchProduct.PatchBasisofCalculation"/>
  <testcase name="activeConcenZEROTest" time="2.028" classname="com.eDocs.PatchProduct.PatchBasisofCalculation"/>
  <testcase name="activeConcenMaxLengthTest" time="2.099" classname="com.eDocs.PatchProduct.PatchBasisofCalculation"/>
  <testcase name="activeConcenAlphabetsTest" time="2.123" classname="com.eDocs.PatchProduct.PatchBasisofCalculation"/>
  <testcase name="activeConcenSpaceTest" time="2.034" classname="com.eDocs.PatchProduct.PatchBasisofCalculation"/>
  <testcase name="activeConcenMultiDecimalTest" time="2.038" classname="com.eDocs.PatchProduct.PatchBasisofCalculation"/>
  <testcase name="DoseofActiveZEROTest" time="2.064" classname="com.eDocs.PatchProduct.PatchBasisofCalculation"/>
  <testcase name="DoseofActiveMaxLengthTest" time="2.056" classname="com.eDocs.PatchProduct.PatchBasisofCalculation"/>
  <testcase name="DoseofActiveAlphabetsTest" time="2.067" classname="com.eDocs.PatchProduct.PatchBasisofCalculation"/>
  <testcase name="DoseofActiveSpaceTest" time="2.123" classname="com.eDocs.PatchProduct.PatchBasisofCalculation"/>
  <testcase name="DoseofActiveMultiDecimalTest" time="2.037" classname="com.eDocs.PatchProduct.PatchBasisofCalculation"/>
  <testcase name="minPatchWornZEROTest" time="2.049" classname="com.eDocs.PatchProduct.PatchBasisofCalculation"/>
  <testcase name="minPatchWornMaxLengthTest" time="2.185" classname="com.eDocs.PatchProduct.PatchBasisofCalculation"/>
  <testcase name="minPatchWornAlphabetsTest" time="2.144" classname="com.eDocs.PatchProduct.PatchBasisofCalculation"/>
  <testcase name="minPatchWornSpaceTest" time="2.081" classname="com.eDocs.PatchProduct.PatchBasisofCalculation"/>
  <testcase name="minPatchWornMultiDecimalTest" time="4.034" classname="com.eDocs.PatchProduct.PatchBasisofCalculation"/>
  <testcase name="worstcaseRatingEmptyTest" time="4.128" classname="com.eDocs.PatchProduct.PatchWorstCaseRating"/>
  <testcase name="worstcaseRatingSelection" time="2.032" classname="com.eDocs.PatchProduct.PatchWorstCaseRating"/>
  <testcase name="EquipmentSetSelectionOptionEmpty" time="4.079" classname="com.eDocs.PatchProduct.PatchEquipmentSelection"/>
  <testcase name="EquipmentSetEmpty" time="4.913" classname="com.eDocs.PatchProduct.PatchEquipmentSelection"/>
  <testcase name="productSave" time="6.356" classname="com.eDocs.PatchProduct.PatchEquipmentSelection"/>
  <testcase name="DeleteProduct" time="8.603" classname="com.eDocs.PatchProduct.PatchDelete"/>
</testsuite> <!-- Patch Product -->
