<?xml version="1.0" encoding="UTF-8"?>
<!-- Generated by org.testng.reporters.JUnitXMLReporter -->
<testsuite hostname="ezs013" ignored="0" name="Product Negative TestCase" tests="67" failures="6" timestamp="31 Jul 2018 08:33:03 GMT" time="234.752" errors="0">
  <testcase name="nameEmpty" time="11.259" classname="com.eDocs.Product.ProductName"/>
  <testcase name="nameMaxFieldLength" time="3.659" classname="com.eDocs.Product.ProductName"/>
  <testcase name="nameSpecialChar" time="3.654" classname="com.eDocs.Product.ProductName"/>
  <testcase name="nameBeginingSpaceCheck" time="4.1" classname="com.eDocs.Product.ProductName"/>
  <testcase name="productIDMaxLength" time="3.74" classname="com.eDocs.Product.ProductName"/>
  <testcase name="finishedDosageFormEmpty" time="4.604" classname="com.eDocs.Product.ProductName"/>
  <testcase name="finishedDosageFormCREATEEmpty" time="5.924" classname="com.eDocs.Product.ProductName"/>
  <testcase name="finishedDosageFormDuplicate" time="5.266" classname="com.eDocs.Product.ProductName"/>
  <testcase name="finishedDosageFormCREATEMaxLength" time="4.334" classname="com.eDocs.Product.ProductName"/>
  <testcase name="finishedDosageFormCREATESuccess" time="5.185" classname="com.eDocs.Product.ProductName"/>
  <testcase name="finishedDosageFormDeleteSuccess" time="5.99" classname="com.eDocs.Product.ProductName"/>
  <testcase name="ActiveEmpty" time="5.295" classname="com.eDocs.Product.ProductName"/>
  <testcase name="productDoseEmpty" time="3.665" classname="com.eDocs.Product.ProductDose"/>
  <testcase name="productDoseZERO" time="3.072" classname="com.eDocs.Product.ProductDose"/>
  <testcase name="productDoseMaxLength" time="3.608" classname="com.eDocs.Product.ProductDose"/>
  <testcase name="productDoseAlphabetsTest" time="3.57" classname="com.eDocs.Product.ProductDose"/>
  <testcase name="productDoseSpaceTest" time="3.646" classname="com.eDocs.Product.ProductDose"/>
  <testcase name="productDoseMultiDecimalTest" time="3.767" classname="com.eDocs.Product.ProductDose"/>
  <testcase name="NumericEmptyTest" time="3.629" classname="com.eDocs.Product.ProductMaxDailyDose"/>
  <testcase name="NumericZEROTest" time="2.99" classname="com.eDocs.Product.ProductMaxDailyDose"/>
  <testcase name="NumericMaxLengthTest" time="3.68" classname="com.eDocs.Product.ProductMaxDailyDose"/>
  <testcase name="numericFieldAlphabetsCheckTest" time="3.559" classname="com.eDocs.Product.ProductMaxDailyDose"/>
  <testcase name="numericSpaceCheckTest" time="3.561" classname="com.eDocs.Product.ProductMaxDailyDose"/>
  <testcase name="numericMultiDecimalTest" time="3.666" classname="com.eDocs.Product.ProductMaxDailyDose"/>
  <testcase name="NumericZEROTest" time="2.985" classname="com.eDocs.Product.ProductMaxDose"/>
  <testcase name="NumericMaxLengthTest" time="3.625" classname="com.eDocs.Product.ProductMaxDose"/>
  <testcase name="numericFieldAlphabetsCheckTest" time="3.645" classname="com.eDocs.Product.ProductMaxDose"/>
  <testcase name="numericSpaceCheckTest" time="3.64" classname="com.eDocs.Product.ProductMaxDose"/>
  <testcase name="numericMultiDecimalTest" time="4.196" classname="com.eDocs.Product.ProductMaxDose"/>
  <testcase name="NumericEmptyTest" time="3.684" classname="com.eDocs.Product.ProductMinBatch"/>
  <testcase name="NumericZEROTest" time="3.035" classname="com.eDocs.Product.ProductMinBatch"/>
  <testcase name="NumericMaxLengthTest" time="3.638" classname="com.eDocs.Product.ProductMinBatch"/>
  <testcase name="numericFieldAlphabetsCheckTest" time="3.595" classname="com.eDocs.Product.ProductMinBatch"/>
  <testcase name="numericSpaceCheckTest" time="3.641" classname="com.eDocs.Product.ProductMinBatch"/>
  <testcase name="numericMultiDecimalTest" time="3.803" classname="com.eDocs.Product.ProductMinBatch"/>
  <testcase name="NumericZEROTest" time="0.539" classname="com.eDocs.Product.ProductBioBurden"/>
  <testcase name="NumericMaxLengthTest" time="0.364" classname="com.eDocs.Product.ProductBioBurden"/>
  <testcase name="numericFieldAlphabetsCheckTest" time="0.349" classname="com.eDocs.Product.ProductBioBurden"/>
  <testcase name="numericSpaceCheckTest" time="0.339" classname="com.eDocs.Product.ProductBioBurden"/>
  <testcase name="numericMultiDecimalTest" time="4.015" classname="com.eDocs.Product.ProductBioBurden"/>
  <testcase name="MinDDEmptyTest" time="4.784" classname="com.eDocs.Product.ProductBasisofCalculation"/>
  <testcase name="MinDDZEROTest" time="3.014" classname="com.eDocs.Product.ProductBasisofCalculation"/>
  <testcase name="MinDDMaxLengthTest" time="3.592" classname="com.eDocs.Product.ProductBasisofCalculation"/>
  <testcase name="MinDDAlphabetsTest" time="3.629" classname="com.eDocs.Product.ProductBasisofCalculation"/>
  <testcase name="MinDDSpaceTest" time="3.576" classname="com.eDocs.Product.ProductBasisofCalculation"/>
  <testcase name="MinDDMultiDecimalTest" time="3.633" classname="com.eDocs.Product.ProductBasisofCalculation"/>
  <testcase name="ActiveConcenZEROTest" time="3.004" classname="com.eDocs.Product.ProductBasisofCalculation"/>
  <testcase name="ActiveConcenMaxLengthTest" time="3.616" classname="com.eDocs.Product.ProductBasisofCalculation"/>
  <testcase name="ActiveConcenAlphabetsTest" time="3.57" classname="com.eDocs.Product.ProductBasisofCalculation"/>
  <testcase name="ActiveConcenSpaceTest" time="3.618" classname="com.eDocs.Product.ProductBasisofCalculation"/>
  <testcase name="ActiveConcenMultiDecimalTest" time="3.618" classname="com.eDocs.Product.ProductBasisofCalculation"/>
  <testcase name="DoseofActiveZEROTest" time="3.051" classname="com.eDocs.Product.ProductBasisofCalculation"/>
  <testcase name="DoseofActiveMaxLengthTest" time="3.675" classname="com.eDocs.Product.ProductBasisofCalculation"/>
  <testcase name="DoseofActiveAlphabetsTest" time="3.619" classname="com.eDocs.Product.ProductBasisofCalculation"/>
  <testcase name="DoseofActiveSpaceTest" time="3.677" classname="com.eDocs.Product.ProductBasisofCalculation"/>
  <testcase name="DoseofActiveMultiDecimalTest" time="3.573" classname="com.eDocs.Product.ProductBasisofCalculation"/>
  <testcase name="MinnoofDoseZEROTest" time="3.028" classname="com.eDocs.Product.ProductBasisofCalculation"/>
  <testcase name="MinnoofDoseMaxLengthTest" time="3.592" classname="com.eDocs.Product.ProductBasisofCalculation"/>
  <testcase name="MinnoofDoseAlphabetsTest" time="3.6" classname="com.eDocs.Product.ProductBasisofCalculation"/>
  <testcase name="MinnoofDoseSpaceTest" time="3.599" classname="com.eDocs.Product.ProductBasisofCalculation"/>
  <testcase name="MinnoofDoseMultiDecimalTest" time="5.494" classname="com.eDocs.Product.ProductBasisofCalculation"/>
  <testcase name="worstcaseRatingEmptyTest" time="1.267" classname="com.eDocs.Product.ProductWorstCaseRating">
    <failure type="org.openqa.selenium.ElementNotInteractableException" message="
Build info: version: &amp;apos;3.12.0&amp;apos;, revision: &amp;apos;7c6e0b3&amp;apos;, time: &amp;apos;2018-05-08T15:15:03.216Z&amp;apos;
System info: host: &amp;apos;EZS013&amp;apos;, ip: &amp;apos;192.168.1.45&amp;apos;, os.name: &amp;apos;Windows 8.1&amp;apos;, os.arch: &amp;apos;amd64&amp;apos;, os.version: &amp;apos;6.3&amp;apos;, java.version: &amp;apos;1.8.0_05&amp;apos;
Driver info: org.openqa.selenium.firefox.FirefoxDriver
Capabilities {acceptInsecureCerts: true, browserName: firefox, browserVersion: 56.0, javascriptEnabled: true, moz:accessibilityChecks: false, moz:headless: false, moz:processID: 11980, moz:profile: C:\Users\Easy solutions\App..., pageLoadStrategy: normal, platform: XP, platformName: XP, platformVersion: 10.0, rotatable: false, specificationLevel: 0, timeouts: {implicit: 0, pageLoad: 300000, script: 30000}}
Session ID: 096b3f15-9b78-4c68-ad42-dcd412fbe4fd">
      <![CDATA[org.openqa.selenium.ElementNotInteractableException: 
Build info: version: '3.12.0', revision: '7c6e0b3', time: '2018-05-08T15:15:03.216Z'
System info: host: 'EZS013', ip: '192.168.1.45', os.name: 'Windows 8.1', os.arch: 'amd64', os.version: '6.3', java.version: '1.8.0_05'
Driver info: org.openqa.selenium.firefox.FirefoxDriver
Capabilities {acceptInsecureCerts: true, browserName: firefox, browserVersion: 56.0, javascriptEnabled: true, moz:accessibilityChecks: false, moz:headless: false, moz:processID: 11980, moz:profile: C:\Users\Easy solutions\App..., pageLoadStrategy: normal, platform: XP, platformName: XP, platformVersion: 10.0, rotatable: false, specificationLevel: 0, timeouts: {implicit: 0, pageLoad: 300000, script: 30000}}
Session ID: 096b3f15-9b78-4c68-ad42-dcd412fbe4fd
	at org.openqa.selenium.remote.http.W3CHttpResponseCodec.createException(W3CHttpResponseCodec.java:187)
	at org.openqa.selenium.remote.http.W3CHttpResponseCodec.decode(W3CHttpResponseCodec.java:122)
	at org.openqa.selenium.remote.http.W3CHttpResponseCodec.decode(W3CHttpResponseCodec.java:49)
	at org.openqa.selenium.remote.HttpCommandExecutor.execute(HttpCommandExecutor.java:158)
	at org.openqa.selenium.remote.service.DriverCommandExecutor.execute(DriverCommandExecutor.java:83)
	at org.openqa.selenium.remote.RemoteWebDriver.execute(RemoteWebDriver.java:543)
	at org.openqa.selenium.remote.RemoteWebElement.execute(RemoteWebElement.java:276)
	at org.openqa.selenium.remote.RemoteWebElement.click(RemoteWebElement.java:83)
	at com.eDocs.CommonValidation.NumericValidation.NumericEmpty(NumericValidation.java:124)
	at com.eDocs.Product.ProductWorstCaseRating.worstcaseRatingEmptyTest(ProductWorstCaseRating.java:28)
... Removed 29 stack frames]]>
    </failure>
  </testcase> <!-- worstcaseRatingEmptyTest -->
  <testcase name="worstcaseRatingSelection" time="0.51" classname="com.eDocs.Product.ProductWorstCaseRating">
    <failure type="org.openqa.selenium.ElementNotInteractableException" message="
Build info: version: &amp;apos;3.12.0&amp;apos;, revision: &amp;apos;7c6e0b3&amp;apos;, time: &amp;apos;2018-05-08T15:15:03.216Z&amp;apos;
System info: host: &amp;apos;EZS013&amp;apos;, ip: &amp;apos;192.168.1.45&amp;apos;, os.name: &amp;apos;Windows 8.1&amp;apos;, os.arch: &amp;apos;amd64&amp;apos;, os.version: &amp;apos;6.3&amp;apos;, java.version: &amp;apos;1.8.0_05&amp;apos;
Driver info: org.openqa.selenium.firefox.FirefoxDriver
Capabilities {acceptInsecureCerts: true, browserName: firefox, browserVersion: 56.0, javascriptEnabled: true, moz:accessibilityChecks: false, moz:headless: false, moz:processID: 11980, moz:profile: C:\Users\Easy solutions\App..., pageLoadStrategy: normal, platform: XP, platformName: XP, platformVersion: 10.0, rotatable: false, specificationLevel: 0, timeouts: {implicit: 0, pageLoad: 300000, script: 30000}}
Session ID: 096b3f15-9b78-4c68-ad42-dcd412fbe4fd">
      <![CDATA[org.openqa.selenium.ElementNotInteractableException: 
Build info: version: '3.12.0', revision: '7c6e0b3', time: '2018-05-08T15:15:03.216Z'
System info: host: 'EZS013', ip: '192.168.1.45', os.name: 'Windows 8.1', os.arch: 'amd64', os.version: '6.3', java.version: '1.8.0_05'
Driver info: org.openqa.selenium.firefox.FirefoxDriver
Capabilities {acceptInsecureCerts: true, browserName: firefox, browserVersion: 56.0, javascriptEnabled: true, moz:accessibilityChecks: false, moz:headless: false, moz:processID: 11980, moz:profile: C:\Users\Easy solutions\App..., pageLoadStrategy: normal, platform: XP, platformName: XP, platformVersion: 10.0, rotatable: false, specificationLevel: 0, timeouts: {implicit: 0, pageLoad: 300000, script: 30000}}
Session ID: 096b3f15-9b78-4c68-ad42-dcd412fbe4fd
	at org.openqa.selenium.remote.http.W3CHttpResponseCodec.createException(W3CHttpResponseCodec.java:187)
	at org.openqa.selenium.remote.http.W3CHttpResponseCodec.decode(W3CHttpResponseCodec.java:122)
	at org.openqa.selenium.remote.http.W3CHttpResponseCodec.decode(W3CHttpResponseCodec.java:49)
	at org.openqa.selenium.remote.HttpCommandExecutor.execute(HttpCommandExecutor.java:158)
	at org.openqa.selenium.remote.service.DriverCommandExecutor.execute(DriverCommandExecutor.java:83)
	at org.openqa.selenium.remote.RemoteWebDriver.execute(RemoteWebDriver.java:543)
	at org.openqa.selenium.remote.RemoteWebElement.execute(RemoteWebElement.java:276)
	at org.openqa.selenium.remote.RemoteWebElement.click(RemoteWebElement.java:83)
	at com.eDocs.Product.ProductWorstCaseRating.worstcaseRatingSelection(ProductWorstCaseRating.java:42)
... Removed 29 stack frames]]>
    </failure>
  </testcase> <!-- worstcaseRatingSelection -->
  <testcase name="EquipmentSetSelectionOptionEmpty" time="1.716" classname="com.eDocs.Product.ProductEquipmentSelection">
    <failure type="org.openqa.selenium.ElementNotInteractableException" message="
Build info: version: &amp;apos;3.12.0&amp;apos;, revision: &amp;apos;7c6e0b3&amp;apos;, time: &amp;apos;2018-05-08T15:15:03.216Z&amp;apos;
System info: host: &amp;apos;EZS013&amp;apos;, ip: &amp;apos;192.168.1.45&amp;apos;, os.name: &amp;apos;Windows 8.1&amp;apos;, os.arch: &amp;apos;amd64&amp;apos;, os.version: &amp;apos;6.3&amp;apos;, java.version: &amp;apos;1.8.0_05&amp;apos;
Driver info: org.openqa.selenium.firefox.FirefoxDriver
Capabilities {acceptInsecureCerts: true, browserName: firefox, browserVersion: 56.0, javascriptEnabled: true, moz:accessibilityChecks: false, moz:headless: false, moz:processID: 11980, moz:profile: C:\Users\Easy solutions\App..., pageLoadStrategy: normal, platform: XP, platformName: XP, platformVersion: 10.0, rotatable: false, specificationLevel: 0, timeouts: {implicit: 0, pageLoad: 300000, script: 30000}}
Session ID: 096b3f15-9b78-4c68-ad42-dcd412fbe4fd">
      <![CDATA[org.openqa.selenium.ElementNotInteractableException: 
Build info: version: '3.12.0', revision: '7c6e0b3', time: '2018-05-08T15:15:03.216Z'
System info: host: 'EZS013', ip: '192.168.1.45', os.name: 'Windows 8.1', os.arch: 'amd64', os.version: '6.3', java.version: '1.8.0_05'
Driver info: org.openqa.selenium.firefox.FirefoxDriver
Capabilities {acceptInsecureCerts: true, browserName: firefox, browserVersion: 56.0, javascriptEnabled: true, moz:accessibilityChecks: false, moz:headless: false, moz:processID: 11980, moz:profile: C:\Users\Easy solutions\App..., pageLoadStrategy: normal, platform: XP, platformName: XP, platformVersion: 10.0, rotatable: false, specificationLevel: 0, timeouts: {implicit: 0, pageLoad: 300000, script: 30000}}
Session ID: 096b3f15-9b78-4c68-ad42-dcd412fbe4fd
	at org.openqa.selenium.remote.http.W3CHttpResponseCodec.createException(W3CHttpResponseCodec.java:187)
	at org.openqa.selenium.remote.http.W3CHttpResponseCodec.decode(W3CHttpResponseCodec.java:122)
	at org.openqa.selenium.remote.http.W3CHttpResponseCodec.decode(W3CHttpResponseCodec.java:49)
	at org.openqa.selenium.remote.HttpCommandExecutor.execute(HttpCommandExecutor.java:158)
	at org.openqa.selenium.remote.service.DriverCommandExecutor.execute(DriverCommandExecutor.java:83)
	at org.openqa.selenium.remote.RemoteWebDriver.execute(RemoteWebDriver.java:543)
	at org.openqa.selenium.remote.RemoteWebElement.execute(RemoteWebElement.java:276)
	at org.openqa.selenium.remote.RemoteWebElement.click(RemoteWebElement.java:83)
	at com.eDocs.CommonValidation.AlphaNumericValidation.AlphaNumericEmpty(AlphaNumericValidation.java:106)
	at com.eDocs.Product.ProductEquipmentSelection.EquipmentSetSelectionOptionEmpty(ProductEquipmentSelection.java:30)
... Removed 29 stack frames]]>
    </failure>
  </testcase> <!-- EquipmentSetSelectionOptionEmpty -->
  <testcase name="EquipmentSetEmpty" time="0.04" classname="com.eDocs.Product.ProductEquipmentSelection">
    <failure type="org.openqa.selenium.ElementNotInteractableException" message="
Build info: version: &amp;apos;3.12.0&amp;apos;, revision: &amp;apos;7c6e0b3&amp;apos;, time: &amp;apos;2018-05-08T15:15:03.216Z&amp;apos;
System info: host: &amp;apos;EZS013&amp;apos;, ip: &amp;apos;192.168.1.45&amp;apos;, os.name: &amp;apos;Windows 8.1&amp;apos;, os.arch: &amp;apos;amd64&amp;apos;, os.version: &amp;apos;6.3&amp;apos;, java.version: &amp;apos;1.8.0_05&amp;apos;
Driver info: org.openqa.selenium.firefox.FirefoxDriver
Capabilities {acceptInsecureCerts: true, browserName: firefox, browserVersion: 56.0, javascriptEnabled: true, moz:accessibilityChecks: false, moz:headless: false, moz:processID: 11980, moz:profile: C:\Users\Easy solutions\App..., pageLoadStrategy: normal, platform: XP, platformName: XP, platformVersion: 10.0, rotatable: false, specificationLevel: 0, timeouts: {implicit: 0, pageLoad: 300000, script: 30000}}
Session ID: 096b3f15-9b78-4c68-ad42-dcd412fbe4fd">
      <![CDATA[org.openqa.selenium.ElementNotInteractableException: 
Build info: version: '3.12.0', revision: '7c6e0b3', time: '2018-05-08T15:15:03.216Z'
System info: host: 'EZS013', ip: '192.168.1.45', os.name: 'Windows 8.1', os.arch: 'amd64', os.version: '6.3', java.version: '1.8.0_05'
Driver info: org.openqa.selenium.firefox.FirefoxDriver
Capabilities {acceptInsecureCerts: true, browserName: firefox, browserVersion: 56.0, javascriptEnabled: true, moz:accessibilityChecks: false, moz:headless: false, moz:processID: 11980, moz:profile: C:\Users\Easy solutions\App..., pageLoadStrategy: normal, platform: XP, platformName: XP, platformVersion: 10.0, rotatable: false, specificationLevel: 0, timeouts: {implicit: 0, pageLoad: 300000, script: 30000}}
Session ID: 096b3f15-9b78-4c68-ad42-dcd412fbe4fd
	at org.openqa.selenium.remote.http.W3CHttpResponseCodec.createException(W3CHttpResponseCodec.java:187)
	at org.openqa.selenium.remote.http.W3CHttpResponseCodec.decode(W3CHttpResponseCodec.java:122)
	at org.openqa.selenium.remote.http.W3CHttpResponseCodec.decode(W3CHttpResponseCodec.java:49)
	at org.openqa.selenium.remote.HttpCommandExecutor.execute(HttpCommandExecutor.java:158)
	at org.openqa.selenium.remote.service.DriverCommandExecutor.execute(DriverCommandExecutor.java:83)
	at org.openqa.selenium.remote.RemoteWebDriver.execute(RemoteWebDriver.java:543)
	at org.openqa.selenium.remote.RemoteWebElement.execute(RemoteWebElement.java:276)
	at org.openqa.selenium.remote.RemoteWebElement.click(RemoteWebElement.java:83)
	at com.eDocs.Product.ProductEquipmentSelection.EquipmentSetEmpty(ProductEquipmentSelection.java:38)
... Removed 29 stack frames]]>
    </failure>
  </testcase> <!-- EquipmentSetEmpty -->
  <testcase name="productSave" time="0.568" classname="com.eDocs.Product.ProductEquipmentSelection">
    <failure type="org.openqa.selenium.ElementNotInteractableException" message="Element is not visible
Build info: version: &amp;apos;3.12.0&amp;apos;, revision: &amp;apos;7c6e0b3&amp;apos;, time: &amp;apos;2018-05-08T15:15:03.216Z&amp;apos;
System info: host: &amp;apos;EZS013&amp;apos;, ip: &amp;apos;192.168.1.45&amp;apos;, os.name: &amp;apos;Windows 8.1&amp;apos;, os.arch: &amp;apos;amd64&amp;apos;, os.version: &amp;apos;6.3&amp;apos;, java.version: &amp;apos;1.8.0_05&amp;apos;
Driver info: org.openqa.selenium.firefox.FirefoxDriver
Capabilities {acceptInsecureCerts: true, browserName: firefox, browserVersion: 56.0, javascriptEnabled: true, moz:accessibilityChecks: false, moz:headless: false, moz:processID: 11980, moz:profile: C:\Users\Easy solutions\App..., pageLoadStrategy: normal, platform: XP, platformName: XP, platformVersion: 10.0, rotatable: false, specificationLevel: 0, timeouts: {implicit: 0, pageLoad: 300000, script: 30000}}
Session ID: 096b3f15-9b78-4c68-ad42-dcd412fbe4fd">
      <![CDATA[org.openqa.selenium.ElementNotInteractableException: Element is not visible
Build info: version: '3.12.0', revision: '7c6e0b3', time: '2018-05-08T15:15:03.216Z'
System info: host: 'EZS013', ip: '192.168.1.45', os.name: 'Windows 8.1', os.arch: 'amd64', os.version: '6.3', java.version: '1.8.0_05'
Driver info: org.openqa.selenium.firefox.FirefoxDriver
Capabilities {acceptInsecureCerts: true, browserName: firefox, browserVersion: 56.0, javascriptEnabled: true, moz:accessibilityChecks: false, moz:headless: false, moz:processID: 11980, moz:profile: C:\Users\Easy solutions\App..., pageLoadStrategy: normal, platform: XP, platformName: XP, platformVersion: 10.0, rotatable: false, specificationLevel: 0, timeouts: {implicit: 0, pageLoad: 300000, script: 30000}}
Session ID: 096b3f15-9b78-4c68-ad42-dcd412fbe4fd
	at org.openqa.selenium.remote.http.W3CHttpResponseCodec.createException(W3CHttpResponseCodec.java:187)
	at org.openqa.selenium.remote.http.W3CHttpResponseCodec.decode(W3CHttpResponseCodec.java:122)
	at org.openqa.selenium.remote.http.W3CHttpResponseCodec.decode(W3CHttpResponseCodec.java:49)
	at org.openqa.selenium.remote.HttpCommandExecutor.execute(HttpCommandExecutor.java:158)
	at org.openqa.selenium.remote.service.DriverCommandExecutor.execute(DriverCommandExecutor.java:83)
	at org.openqa.selenium.remote.RemoteWebDriver.execute(RemoteWebDriver.java:543)
	at org.openqa.selenium.remote.RemoteWebElement.execute(RemoteWebElement.java:276)
	at org.openqa.selenium.remote.RemoteWebElement.sendKeys(RemoteWebElement.java:100)
	at com.eDocs.Product.ProductEquipmentSelection.productSave(ProductEquipmentSelection.java:49)
... Removed 29 stack frames]]>
    </failure>
  </testcase> <!-- productSave -->
  <testcase name="DeleteEquipment" time="2.859" classname="com.eDocs.Product.ProductDelete">
    <failure type="org.openqa.selenium.ElementNotInteractableException" message="
Build info: version: &amp;apos;3.12.0&amp;apos;, revision: &amp;apos;7c6e0b3&amp;apos;, time: &amp;apos;2018-05-08T15:15:03.216Z&amp;apos;
System info: host: &amp;apos;EZS013&amp;apos;, ip: &amp;apos;192.168.1.45&amp;apos;, os.name: &amp;apos;Windows 8.1&amp;apos;, os.arch: &amp;apos;amd64&amp;apos;, os.version: &amp;apos;6.3&amp;apos;, java.version: &amp;apos;1.8.0_05&amp;apos;
Driver info: org.openqa.selenium.firefox.FirefoxDriver
Capabilities {acceptInsecureCerts: true, browserName: firefox, browserVersion: 56.0, javascriptEnabled: true, moz:accessibilityChecks: false, moz:headless: false, moz:processID: 11980, moz:profile: C:\Users\Easy solutions\App..., pageLoadStrategy: normal, platform: XP, platformName: XP, platformVersion: 10.0, rotatable: false, specificationLevel: 0, timeouts: {implicit: 0, pageLoad: 300000, script: 30000}}
Session ID: 096b3f15-9b78-4c68-ad42-dcd412fbe4fd">
      <![CDATA[org.openqa.selenium.ElementNotInteractableException: 
Build info: version: '3.12.0', revision: '7c6e0b3', time: '2018-05-08T15:15:03.216Z'
System info: host: 'EZS013', ip: '192.168.1.45', os.name: 'Windows 8.1', os.arch: 'amd64', os.version: '6.3', java.version: '1.8.0_05'
Driver info: org.openqa.selenium.firefox.FirefoxDriver
Capabilities {acceptInsecureCerts: true, browserName: firefox, browserVersion: 56.0, javascriptEnabled: true, moz:accessibilityChecks: false, moz:headless: false, moz:processID: 11980, moz:profile: C:\Users\Easy solutions\App..., pageLoadStrategy: normal, platform: XP, platformName: XP, platformVersion: 10.0, rotatable: false, specificationLevel: 0, timeouts: {implicit: 0, pageLoad: 300000, script: 30000}}
Session ID: 096b3f15-9b78-4c68-ad42-dcd412fbe4fd
	at org.openqa.selenium.remote.http.W3CHttpResponseCodec.createException(W3CHttpResponseCodec.java:187)
	at org.openqa.selenium.remote.http.W3CHttpResponseCodec.decode(W3CHttpResponseCodec.java:122)
	at org.openqa.selenium.remote.http.W3CHttpResponseCodec.decode(W3CHttpResponseCodec.java:49)
	at org.openqa.selenium.remote.HttpCommandExecutor.execute(HttpCommandExecutor.java:158)
	at org.openqa.selenium.remote.service.DriverCommandExecutor.execute(DriverCommandExecutor.java:83)
	at org.openqa.selenium.remote.RemoteWebDriver.execute(RemoteWebDriver.java:543)
	at org.openqa.selenium.remote.RemoteWebElement.execute(RemoteWebElement.java:276)
	at org.openqa.selenium.remote.RemoteWebElement.click(RemoteWebElement.java:83)
	at com.eDocs.Product.ProductDelete.DeleteEquipment(ProductDelete.java:26)
... Removed 29 stack frames]]>
    </failure>
  </testcase> <!-- DeleteEquipment -->
</testsuite> <!-- Product Negative TestCase -->
