<?xml version="1.0" encoding="UTF-8"?>
<!-- Generated by org.testng.reporters.JUnitXMLReporter -->
<testsuite hostname="ezs013" ignored="0" name="Solid Product" tests="66" failures="0" timestamp="20 Aug 2018 09:48:04 GMT" time="182.83" errors="0">
  <testcase name="nameEmpty" time="10.643" classname="com.eDocs.SolidProduct.ProductName"/>
  <testcase name="nameMaxFieldLength" time="2.221" classname="com.eDocs.SolidProduct.ProductName"/>
  <testcase name="nameSpecialChar" time="2.114" classname="com.eDocs.SolidProduct.ProductName"/>
  <testcase name="nameBeginingSpaceCheck" time="2.629" classname="com.eDocs.SolidProduct.ProductName"/>
  <testcase name="productIDMaxLength" time="2.252" classname="com.eDocs.SolidProduct.ProductName"/>
  <testcase name="finishedDosageFormEmpty" time="4.088" classname="com.eDocs.SolidProduct.ProductName"/>
  <testcase name="finishedDosageFormCREATEEmpty" time="5.338" classname="com.eDocs.SolidProduct.ProductName"/>
  <testcase name="finishedDosageFormDuplicate" time="4.713" classname="com.eDocs.SolidProduct.ProductName"/>
  <testcase name="finishedDosageFormCREATEMaxLength" time="2.818" classname="com.eDocs.SolidProduct.ProductName"/>
  <testcase name="finishedDosageFormCREATESuccess" time="4.666" classname="com.eDocs.SolidProduct.ProductName"/>
  <testcase name="finishedDosageFormDeleteSuccess" time="5.42" classname="com.eDocs.SolidProduct.ProductName"/>
  <testcase name="ActiveEmpty" time="4.728" classname="com.eDocs.SolidProduct.ProductName"/>
  <testcase name="productDoseEmpty" time="3.074" classname="com.eDocs.SolidProduct.ProductDose"/>
  <testcase name="productDoseZERO" time="1.986" classname="com.eDocs.SolidProduct.ProductDose"/>
  <testcase name="productDoseMaxLength" time="2.088" classname="com.eDocs.SolidProduct.ProductDose"/>
  <testcase name="productDoseAlphabetsTest" time="2.018" classname="com.eDocs.SolidProduct.ProductDose"/>
  <testcase name="productDoseSpaceTest" time="2.064" classname="com.eDocs.SolidProduct.ProductDose"/>
  <testcase name="productDoseMultiDecimalTest" time="2.102" classname="com.eDocs.SolidProduct.ProductDose"/>
  <testcase name="NumericEmptyTest" time="2.675" classname="com.eDocs.SolidProduct.ProductMaxDailyDose"/>
  <testcase name="NumericZEROTest" time="1.998" classname="com.eDocs.SolidProduct.ProductMaxDailyDose"/>
  <testcase name="NumericMaxLengthTest" time="2.066" classname="com.eDocs.SolidProduct.ProductMaxDailyDose"/>
  <testcase name="numericFieldAlphabetsCheckTest" time="2.095" classname="com.eDocs.SolidProduct.ProductMaxDailyDose"/>
  <testcase name="numericSpaceCheckTest" time="2.083" classname="com.eDocs.SolidProduct.ProductMaxDailyDose"/>
  <testcase name="numericMultiDecimalTest" time="2.089" classname="com.eDocs.SolidProduct.ProductMaxDailyDose"/>
  <testcase name="NumericZEROTest" time="2.056" classname="com.eDocs.SolidProduct.ProductMaxDose"/>
  <testcase name="NumericMaxLengthTest" time="2.126" classname="com.eDocs.SolidProduct.ProductMaxDose"/>
  <testcase name="numericFieldAlphabetsCheckTest" time="2.037" classname="com.eDocs.SolidProduct.ProductMaxDose"/>
  <testcase name="numericSpaceCheckTest" time="2.1" classname="com.eDocs.SolidProduct.ProductMaxDose"/>
  <testcase name="numericMultiDecimalTest" time="2.489" classname="com.eDocs.SolidProduct.ProductMaxDose"/>
  <testcase name="NumericEmptyTest" time="2.651" classname="com.eDocs.SolidProduct.ProductMinBatch"/>
  <testcase name="NumericZEROTest" time="1.997" classname="com.eDocs.SolidProduct.ProductMinBatch"/>
  <testcase name="NumericMaxLengthTest" time="2.176" classname="com.eDocs.SolidProduct.ProductMinBatch"/>
  <testcase name="numericFieldAlphabetsCheckTest" time="2.025" classname="com.eDocs.SolidProduct.ProductMinBatch"/>
  <testcase name="numericSpaceCheckTest" time="2.047" classname="com.eDocs.SolidProduct.ProductMinBatch"/>
  <testcase name="numericMultiDecimalTest" time="2.147" classname="com.eDocs.SolidProduct.ProductMinBatch"/>
  <testcase name="NumericMaxLengthTest" time="2.027" classname="com.eDocs.SolidProduct.ProductBioBurden"/>
  <testcase name="numericFieldAlphabetsCheckTest" time="0.459" classname="com.eDocs.SolidProduct.ProductBioBurden"/>
  <testcase name="numericSpaceCheckTest" time="0.344" classname="com.eDocs.SolidProduct.ProductBioBurden"/>
  <testcase name="numericMultiDecimalTest" time="0.361" classname="com.eDocs.SolidProduct.ProductBioBurden"/>
  <testcase name="MinDDEmptyTest" time="4.29" classname="com.eDocs.SolidProduct.ProductBasisofCalculation"/>
  <testcase name="MinDDZEROTest" time="1.968" classname="com.eDocs.SolidProduct.ProductBasisofCalculation"/>
  <testcase name="MinDDMaxLengthTest" time="2.079" classname="com.eDocs.SolidProduct.ProductBasisofCalculation"/>
  <testcase name="MinDDAlphabetsTest" time="2.063" classname="com.eDocs.SolidProduct.ProductBasisofCalculation"/>
  <testcase name="MinDDSpaceTest" time="2.086" classname="com.eDocs.SolidProduct.ProductBasisofCalculation"/>
  <testcase name="MinDDMultiDecimalTest" time="2.084" classname="com.eDocs.SolidProduct.ProductBasisofCalculation"/>
  <testcase name="ActiveConcenZEROTest" time="2.023" classname="com.eDocs.SolidProduct.ProductBasisofCalculation"/>
  <testcase name="ActiveConcenMaxLengthTest" time="2.095" classname="com.eDocs.SolidProduct.ProductBasisofCalculation"/>
  <testcase name="ActiveConcenAlphabetsTest" time="2.042" classname="com.eDocs.SolidProduct.ProductBasisofCalculation"/>
  <testcase name="ActiveConcenSpaceTest" time="2.062" classname="com.eDocs.SolidProduct.ProductBasisofCalculation"/>
  <testcase name="ActiveConcenMultiDecimalTest" time="2.125" classname="com.eDocs.SolidProduct.ProductBasisofCalculation"/>
  <testcase name="DoseofActiveZEROTest" time="2.031" classname="com.eDocs.SolidProduct.ProductBasisofCalculation"/>
  <testcase name="DoseofActiveMaxLengthTest" time="2.4" classname="com.eDocs.SolidProduct.ProductBasisofCalculation"/>
  <testcase name="DoseofActiveAlphabetsTest" time="2.062" classname="com.eDocs.SolidProduct.ProductBasisofCalculation"/>
  <testcase name="DoseofActiveSpaceTest" time="2.04" classname="com.eDocs.SolidProduct.ProductBasisofCalculation"/>
  <testcase name="DoseofActiveMultiDecimalTest" time="2.103" classname="com.eDocs.SolidProduct.ProductBasisofCalculation"/>
  <testcase name="MinnoofDoseZEROTest" time="2.033" classname="com.eDocs.SolidProduct.ProductBasisofCalculation"/>
  <testcase name="MinnoofDoseMaxLengthTest" time="2.131" classname="com.eDocs.SolidProduct.ProductBasisofCalculation"/>
  <testcase name="MinnoofDoseAlphabetsTest" time="2.053" classname="com.eDocs.SolidProduct.ProductBasisofCalculation"/>
  <testcase name="MinnoofDoseSpaceTest" time="2.088" classname="com.eDocs.SolidProduct.ProductBasisofCalculation"/>
  <testcase name="MinnoofDoseMultiDecimalTest" time="4.464" classname="com.eDocs.SolidProduct.ProductBasisofCalculation"/>
  <testcase name="worstcaseRatingEmptyTest" time="3.155" classname="com.eDocs.SolidProduct.ProductWorstCaseRating"/>
  <testcase name="worstcaseRatingSelection" time="2.024" classname="com.eDocs.SolidProduct.ProductWorstCaseRating"/>
  <testcase name="EquipmentSetSelectionOptionEmpty" time="4.13" classname="com.eDocs.SolidProduct.ProductEquipmentSelection"/>
  <testcase name="EquipmentSetEmpty" time="4.945" classname="com.eDocs.SolidProduct.ProductEquipmentSelection"/>
  <testcase name="productSave" time="6.382" classname="com.eDocs.SolidProduct.ProductEquipmentSelection"/>
  <testcase name="DeleteProduct" time="8.805" classname="com.eDocs.SolidProduct.ProductDelete"/>
</testsuite> <!-- Solid Product -->
