<?xml version="1.0" encoding="UTF-8"?>
<!-- Generated by org.testng.reporters.JUnitXMLReporter -->
<testsuite hostname="ezs013" ignored="0" name="Universal Settings: Ram Machine" tests="1" failures="0" timestamp="21 Aug 2018 10:02:09 GMT" time="0.066" errors="0">
  <testcase name="@BeforeClass setUp" time="0.018" classname="com.eDocs.SanityTesting.UniversalSettings">
    <failure type="java.lang.NullPointerException">
      <![CDATA[java.lang.NullPointerException
	at com.eDocs.SanityTesting.UniversalSettings.setUp(UniversalSettings.java:47)
	at java.util.concurrent.FutureTask.run(FutureTask.java:266)
	at java.util.concurrent.ThreadPoolExecutor.runWorker(ThreadPoolExecutor.java:1142)
	at java.util.concurrent.ThreadPoolExecutor$Worker.run(ThreadPoolExecutor.java:617)
	at java.lang.Thread.run(Thread.java:745)
... Removed 16 stack frames]]>
    </failure>
  </testcase> <!-- @BeforeClass setUp -->
  <testcase name="@BeforeClass setUp" time="0.018" classname="com.eDocs.SanityTesting.UniversalSettings">
    <failure type="java.lang.NullPointerException">
      <![CDATA[java.lang.NullPointerException
	at com.eDocs.SanityTesting.UniversalSettings.setUp(UniversalSettings.java:47)
	at java.util.concurrent.FutureTask.run(FutureTask.java:266)
	at java.util.concurrent.ThreadPoolExecutor.runWorker(ThreadPoolExecutor.java:1142)
	at java.util.concurrent.ThreadPoolExecutor$Worker.run(ThreadPoolExecutor.java:617)
	at java.lang.Thread.run(Thread.java:745)
... Removed 16 stack frames]]>
    </failure>
  </testcase> <!-- @BeforeClass setUp -->
  <testcase name="Login" time="0.001" classname="com.eDocs.SanityTesting.UniversalSettings">
    <skipped/>
  </testcase> <!-- Login -->
</testsuite> <!-- Universal Settings: Ram Machine -->
